<?xml version="1.0" encoding="UTF-8"?>
<!-- Generated by org.testng.reporters.JUnitReportReporter -->
<testsuite hostname="IONDELWS770" name="test.GoogleSearch_TestNG_Demo" tests="1" failures="0" timestamp="6 Mar 2021 21:13:00 GMT" time="7.172" errors="0">
  <testcase name="googleSearch" time="7.172" classname="test.GoogleSearch_TestNG_Demo"/>
</testsuite> <!-- test.GoogleSearch_TestNG_Demo -->
