<?xml version="1.0" encoding="UTF-8"?>
<!-- Generated by org.testng.reporters.JUnitReportReporter -->
<testsuite hostname="IONDELWS770" name="testngDemo.TestNGDependencyDemo" tests="3" failures="0" timestamp="18 Feb 2021 12:46:25 GMT" time="0.006" errors="0">
  <testcase name="testThree" time="0.006" classname="testngDemo.TestNGDependencyDemo"/>
  <testcase name="testTwo" time="0.000" classname="testngDemo.TestNGDependencyDemo"/>
  <testcase name="testOne" time="0.000" classname="testngDemo.TestNGDependencyDemo"/>
</testsuite> <!-- testngDemo.TestNGDependencyDemo -->
