<?xml version="1.0" encoding="UTF-8"?>
<!-- Generated by org.testng.reporters.JUnitReportReporter -->
<testsuite hostname="IONDELWS770" name="GoogleSearch_TestNG_Demo" tests="1" failures="0" timestamp="7 Feb 2021 21:14:40 GMT" time="6.729" errors="0">
  <testcase name="googleSearch" time="6.729" classname="GoogleSearch_TestNG_Demo"/>
</testsuite> <!-- GoogleSearch_TestNG_Demo -->
