<?xml version="1.0" encoding="UTF-8"?>
<!-- Generated by org.testng.reporters.JUnitReportReporter -->
<testsuite hostname="IONDELWS770" name="test.dragAndDropSelenium" tests="2" failures="0" timestamp="21 Feb 2021 07:45:37 GMT" time="19.802" errors="0">
  <testcase name="DragAndDrop" time="8.685" classname="test.dragAndDropSelenium"/>
  <testcase name="DragAndDropByPixel" time="11.117" classname="test.dragAndDropSelenium"/>
</testsuite> <!-- test.dragAndDropSelenium -->
