<?xml version="1.0" encoding="UTF-8"?>
<!-- Generated by org.testng.reporters.JUnitReportReporter -->
<testsuite hostname="IONDELWS770" name="test.GoogleSearch_TestNG_Demo" tests="1" failures="0" timestamp="12 Feb 2021 12:18:40 GMT" time="3.937" errors="0">
  <testcase name="googleSearch" time="3.937" classname="test.GoogleSearch_TestNG_Demo"/>
</testsuite> <!-- test.GoogleSearch_TestNG_Demo -->
