<?xml version="1.0" encoding="UTF-8"?>
<!-- Generated by org.testng.reporters.JUnitReportReporter -->
<testsuite hostname="IONDELWS770" name="utils.ExcelDataProvider" tests="3" failures="0" timestamp="15 Feb 2021 11:13:22 GMT" time="11.032" errors="0">
  <testcase name="test1" time="2.755" classname="utils.ExcelDataProvider"/>
  <testcase name="test1" time="2.770" classname="utils.ExcelDataProvider"/>
  <testcase name="test1" time="5.507" classname="utils.ExcelDataProvider"/>
</testsuite> <!-- utils.ExcelDataProvider -->
