<?xml version="1.0" encoding="UTF-8"?>
<!-- Generated by org.testng.reporters.JUnitReportReporter -->
<testsuite hostname="IONDELWS770" name="test.ExtentReportDemoWithTestNG" tests="2" failures="0" timestamp="19 Feb 2021 22:06:53 GMT" time="4.294" errors="0">
  <testcase name="testOne" time="2.746" classname="test.ExtentReportDemoWithTestNG"/>
  <testcase name="testTwo" time="1.548" classname="test.ExtentReportDemoWithTestNG"/>
</testsuite> <!-- test.ExtentReportDemoWithTestNG -->
