<?xml version="1.0" encoding="UTF-8"?>
<!-- Generated by org.testng.reporters.JUnitReportReporter -->
<testsuite hostname="IONDELWS770" name="testngDemo.TestNGMultiBrowserDemo" tests="2" failures="0" timestamp="15 Feb 2021 20:45:57 GMT" time="10.490" errors="0">
  <testcase name="test1" time="4.990" classname="testngDemo.TestNGMultiBrowserDemo"/>
  <testcase name="test1" time="5.500" classname="testngDemo.TestNGMultiBrowserDemo"/>
</testsuite> <!-- testngDemo.TestNGMultiBrowserDemo -->
