<?xml version="1.0" encoding="UTF-8"?>
<!-- Generated by org.testng.reporters.JUnitReportReporter -->
<testsuite hostname="IONDELWS770" name="test.GoogleSearch_TestNG_Demo2" tests="2" failures="0" timestamp="20 Mar 2021 18:04:55 GMT" time="11.423" errors="0">
  <testcase name="googleSearch2" time="6.374" classname="test.GoogleSearch_TestNG_Demo2"/>
  <testcase name="googleSearch3" time="5.049" classname="test.GoogleSearch_TestNG_Demo2"/>
</testsuite> <!-- test.GoogleSearch_TestNG_Demo2 -->
