<?xml version="1.0" encoding="UTF-8"?>
<!-- Generated by org.testng.reporters.JUnitReportReporter -->
<testsuite hostname="IONDELWS770" name="test.KeyboardEvents_ActionsClass_Selenium" tests="1" failures="0" timestamp="8 Mar 2021 08:37:26 GMT" time="6.162" errors="0">
  <testcase name="CopyPasteUsingActions" time="6.162" classname="test.KeyboardEvents_ActionsClass_Selenium"/>
</testsuite> <!-- test.KeyboardEvents_ActionsClass_Selenium -->
