<?xml version="1.0" encoding="UTF-8"?>
<!-- Generated by org.testng.reporters.JUnitReportReporter -->
<testsuite hostname="IONDELWS770" name="aeonbitsMultipleEnvExecution.BaseWeb" tests="1" failures="0" timestamp="17 Mar 2021 21:04:57 GMT" time="0.069" errors="0">
  <testcase name="test" time="0.069" classname="aeonbitsMultipleEnvExecution.BaseWeb"/>
</testsuite> <!-- aeonbitsMultipleEnvExecution.BaseWeb -->
