<?xml version="1.0" encoding="UTF-8"?>
<!-- Generated by org.testng.reporters.JUnitReportReporter -->
<testsuite hostname="IONDELWS770" name="test.RightOrDoubleClick_Selenium" tests="1" failures="0" timestamp="8 Mar 2021 08:08:35 GMT" time="6.112" errors="0">
  <testcase name="DoubleClick" time="6.112" classname="test.RightOrDoubleClick_Selenium"/>
</testsuite> <!-- test.RightOrDoubleClick_Selenium -->
