<?xml version="1.0" encoding="UTF-8"?>
<!-- Generated by org.testng.reporters.JUnitReportReporter -->
<testsuite hostname="IONDELWS770" name="test.DropdownHandling_Selenium" tests="1" failures="0" timestamp="7 May 2021 18:45:43 GMT" time="10.532" errors="0">
  <testcase name="dropDownHandle" time="10.532" classname="test.DropdownHandling_Selenium"/>
</testsuite> <!-- test.DropdownHandling_Selenium -->
