<?xml version="1.0" encoding="UTF-8"?>
<!-- Generated by org.testng.reporters.JUnitReportReporter -->
<testsuite hostname="IONDELWS770" name="GoogleSearch_TestNG_Demo2" tests="1" failures="0" timestamp="7 Feb 2021 21:14:40 GMT" time="6.169" errors="0">
  <testcase name="googleSearch3" time="6.169" classname="GoogleSearch_TestNG_Demo2"/>
</testsuite> <!-- GoogleSearch_TestNG_Demo2 -->
