<?xml version="1.0" encoding="UTF-8"?>
<!-- Generated by org.testng.reporters.JUnitReportReporter -->
<testsuite hostname="IONDELWS770" name="test.webTables_Selenium" tests="1" failures="0" timestamp="21 Feb 2021 21:18:23 GMT" time="10.515" errors="0">
  <testcase name="displayAllValuesOfDynamicTable" time="10.515" classname="test.webTables_Selenium"/>
</testsuite> <!-- test.webTables_Selenium -->
