<?xml version="1.0" encoding="UTF-8"?>
<!-- Generated by org.testng.reporters.JUnitReportReporter -->
<testsuite hostname="IONDELWS770" name="test.dragAndDropSelenium" tests="1" failures="0" timestamp="8 Mar 2021 07:16:52 GMT" time="6.615" errors="0">
  <testcase name="DragAndDropByPixelGeneric" time="6.615" classname="test.dragAndDropSelenium"/>
</testsuite> <!-- test.dragAndDropSelenium -->
