<?xml version="1.0" encoding="UTF-8"?>
<!-- Generated by org.testng.reporters.JUnitReportReporter -->
<testsuite hostname="IONDELWS770" name="test.Cookie_Selenium" tests="1" failures="0" timestamp="6 Mar 2021 20:18:19 GMT" time="2.309" errors="0">
  <testcase name="clearBrowserCache" time="2.309" classname="test.Cookie_Selenium"/>
</testsuite> <!-- test.Cookie_Selenium -->
