<?xml version="1.0" encoding="UTF-8"?>
<!-- Generated by org.testng.reporters.JUnitReportReporter -->
<testsuite hostname="IONDELWS770" name="test.HandlingDropdown_Selenium" tests="1" failures="0" timestamp="1 May 2021 22:47:28 GMT" time="11.186" errors="0">
  <testcase name="dropDownHandle" time="11.186" classname="test.HandlingDropdown_Selenium"/>
</testsuite> <!-- test.HandlingDropdown_Selenium -->
