<?xml version="1.0" encoding="UTF-8"?>
<!-- Generated by org.testng.reporters.JUnitReportReporter -->
<testsuite hostname="IONDELWS770" name="test.webTables_Selenium" tests="4" failures="0" timestamp="1 May 2021 10:14:51 GMT" time="21.363" errors="0">
  <testcase name="maxValueInAColumn" time="5.616" classname="test.webTables_Selenium"/>
  <testcase name="fetchNumberOfRowsAndColumns" time="4.047" classname="test.webTables_Selenium"/>
  <testcase name="fetchDataAt3Row2Column" time="3.805" classname="test.webTables_Selenium"/>
  <testcase name="displayAllValuesOfDynamicTable" time="7.895" classname="test.webTables_Selenium"/>
</testsuite> <!-- test.webTables_Selenium -->
