<?xml version="1.0" encoding="UTF-8"?>
<!-- Generated by org.testng.reporters.JUnitReportReporter -->
<testsuite hostname="IONDELWS770" name="testngDemo.TestNGMultiBrowserDemo" tests="2" failures="0" timestamp="7 May 2021 19:09:44 GMT" time="21.430" errors="0">
  <testcase name="test1" time="10.576" classname="testngDemo.TestNGMultiBrowserDemo"/>
  <testcase name="test1" time="10.854" classname="testngDemo.TestNGMultiBrowserDemo"/>
</testsuite> <!-- testngDemo.TestNGMultiBrowserDemo -->
