<?xml version="1.0" encoding="UTF-8"?>
<!-- Generated by org.testng.reporters.JUnitReportReporter -->
<testsuite hostname="IONDELWS770" name="test.Excel_Selenium" tests="1" failures="0" timestamp="9 Mar 2021 13:55:10 GMT" time="0.666" errors="0">
  <testcase name="writeNewCellInNewRow" time="0.666" classname="test.Excel_Selenium"/>
</testsuite> <!-- test.Excel_Selenium -->
