<?xml version="1.0" encoding="UTF-8"?>
<!-- Generated by org.testng.reporters.JUnitReportReporter -->
<testsuite hostname="IONDELWS770" name="testngDemo.TestNGParametersDemo" tests="1" failures="0" timestamp="7 May 2021 19:18:38 GMT" time="0.006" errors="0">
  <testcase name="test1" time="0.006" classname="testngDemo.TestNGParametersDemo"/>
</testsuite> <!-- testngDemo.TestNGParametersDemo -->
