<?xml version="1.0" encoding="UTF-8"?>
<!-- Generated by org.testng.reporters.JUnitReportReporter -->
<testsuite hostname="IONDELWS770" name="testngDemo.TestNGGroupsDemo" tests="4" failures="0" timestamp="15 Feb 2021 21:30:06 GMT" time="0.009" errors="0">
  <testcase name="test3" time="0.001" classname="testngDemo.TestNGGroupsDemo"/>
  <testcase name="test4" time="0.000" classname="testngDemo.TestNGGroupsDemo"/>
  <testcase name="test1" time="0.007" classname="testngDemo.TestNGGroupsDemo"/>
  <testcase name="test2" time="0.001" classname="testngDemo.TestNGGroupsDemo"/>
</testsuite> <!-- testngDemo.TestNGGroupsDemo -->
