<?xml version="1.0" encoding="UTF-8"?>
<!-- Generated by org.testng.reporters.JUnitReportReporter -->
<testsuite hostname="IONDELWS770" name="test.DynamicWebTables_Selenium" tests="2" failures="0" timestamp="1 May 2021 09:23:48 GMT" time="38.909" errors="0">
  <testcase name="handlingDynamicContactsTableThroughLoop" time="21.676" classname="test.DynamicWebTables_Selenium"/>
  <testcase name="handlingDynamicContactsTableThroughCustomisedXpath" time="17.233" classname="test.DynamicWebTables_Selenium"/>
</testsuite> <!-- test.DynamicWebTables_Selenium -->
