<?xml version="1.0" encoding="UTF-8"?>
<!-- Generated by org.testng.reporters.JUnitReportReporter -->
<testsuite hostname="IONDELWS770" name="testngDemo.TestNGIgnoreDemo" tests="2" failures="0" timestamp="18 Feb 2021 13:25:16 GMT" time="0.006" errors="0">
  <testcase name="test2" time="0.005" classname="testngDemo.TestNGIgnoreDemo"/>
  <testcase name="test3" time="0.001" classname="testngDemo.TestNGIgnoreDemo"/>
</testsuite> <!-- testngDemo.TestNGIgnoreDemo -->
