<?xml version="1.0" encoding="UTF-8"?>
<!-- Generated by org.testng.reporters.JUnitReportReporter -->
<testsuite hostname="IONDELWS770" name="test.SwitchingWindowsOrTabs" tests="1" failures="0" timestamp="21 Feb 2021 19:45:48 GMT" time="11.190" errors="0">
  <testcase name="OpenTabAndSwitchingToSingleTab" time="11.190" classname="test.SwitchingWindowsOrTabs"/>
</testsuite> <!-- test.SwitchingWindowsOrTabs -->
