<?xml version="1.0" encoding="UTF-8"?>
<!-- Generated by org.testng.reporters.JUnitReportReporter -->
<testsuite hostname="IONDELWS770" name="testngDemo.TestNGPriorityDemo" tests="3" failures="0" timestamp="15 Feb 2021 20:27:07 GMT" time="0.008" errors="0">
  <testcase name="two" time="0.001" classname="testngDemo.TestNGPriorityDemo"/>
  <testcase name="three" time="0.001" classname="testngDemo.TestNGPriorityDemo"/>
  <testcase name="one" time="0.006" classname="testngDemo.TestNGPriorityDemo"/>
</testsuite> <!-- testngDemo.TestNGPriorityDemo -->
