<?xml version="1.0" encoding="UTF-8"?>
<!-- Generated by org.testng.reporters.JUnitReportReporter -->
<testsuite hostname="IONDELWS770" name="test.CalendarHandling_Selenium" tests="2" failures="0" timestamp="1 May 2021 22:01:48 GMT" time="15.352" errors="0">
  <testcase name="pickFutureDate" time="7.231" classname="test.CalendarHandling_Selenium"/>
  <testcase name="pickPastDate" time="8.121" classname="test.CalendarHandling_Selenium"/>
</testsuite> <!-- test.CalendarHandling_Selenium -->
