<?xml version="1.0" encoding="UTF-8"?>
<!-- Generated by org.testng.reporters.JUnitReportReporter -->
<testsuite skipped="0" hostname="IONDELWS770" name="testngDemo.TestNGPriorityDemo" tests="3" failures="0" timestamp="2021-02-19T17:19:14 IST" time="0.004" errors="0">
  <testcase name="one" time="0.003" classname="testngDemo.TestNGPriorityDemo"/>
  <system-out/>
  <testcase name="two" time="0.000" classname="testngDemo.TestNGPriorityDemo"/>
  <system-out/>
  <testcase name="three" time="0.001" classname="testngDemo.TestNGPriorityDemo"/>
  <system-out/>
</testsuite> <!-- testngDemo.TestNGPriorityDemo -->
